[debug] [2024-12-20T16:52:51.112Z] ----------------------------------------------------------------------
[debug] [2024-12-20T16:52:51.114Z] Command:       /home/naitoyuma/.volta/tools/image/node/20.17.0/bin/node /home/naitoyuma/.volta/tools/image/packages/firebase-tools/bin/firebase init
[debug] [2024-12-20T16:52:51.114Z] CLI Version:   13.29.1
[debug] [2024-12-20T16:52:51.114Z] Platform:      linux
[debug] [2024-12-20T16:52:51.114Z] Node Version:  v20.17.0
[debug] [2024-12-20T16:52:51.114Z] Time:          Sat Dec 21 2024 01:52:51 GMT+0900 (Japan Standard Time)
[debug] [2024-12-20T16:52:51.114Z] ----------------------------------------------------------------------
[debug] 
[debug] [2024-12-20T16:52:51.159Z] > command requires scopes: ["email","openid","https://www.googleapis.com/auth/cloudplatformprojects.readonly","https://www.googleapis.com/auth/firebase","https://www.googleapis.com/auth/cloud-platform"]
[debug] [2024-12-20T16:52:51.159Z] > authorizing via signed-in user (naitoyuma1118@gmail.com)
[info] 
     ######## #### ########  ######## ########     ###     ######  ########
     ##        ##  ##     ## ##       ##     ##  ##   ##  ##       ##
     ######    ##  ########  ######   ########  #########  ######  ######
     ##        ##  ##    ##  ##       ##     ## ##     ##       ## ##
     ##       #### ##     ## ######## ########  ##     ##  ######  ########

You're about to initialize a Firebase project in this directory:

  /home/naitoyuma/chatapp

Before we get started, keep in mind:

  * You are initializing within an existing Firebase project directory

[info] 
=== Project Setup
[info] 
[info] First, let's associate this project directory with a Firebase project.
[info] You can create multiple project aliases by running firebase use --add, 
[info] but for now we'll just set up a default project.
[info] 
[debug] [2024-12-20T16:53:14.979Z] Using project from CLI flag: chatalker-c46e6
[debug] [2024-12-20T16:53:14.980Z] Checked if tokens are valid: true, expires at: 1734715407307
[debug] [2024-12-20T16:53:14.980Z] Checked if tokens are valid: true, expires at: 1734715407307
[debug] [2024-12-20T16:53:14.981Z] >>> [apiv2][query] GET https://firebase.googleapis.com/v1beta1/projects/chatalker-c46e6 [none]
[debug] [2024-12-20T16:53:15.333Z] <<< [apiv2][status] GET https://firebase.googleapis.com/v1beta1/projects/chatalker-c46e6 200
[debug] [2024-12-20T16:53:15.333Z] <<< [apiv2][body] GET https://firebase.googleapis.com/v1beta1/projects/chatalker-c46e6 {"projectId":"chatalker-c46e6","projectNumber":"665923537499","displayName":"chaTalker","name":"projects/chatalker-c46e6","resources":{"hostingSite":"chatalker-c46e6"},"state":"ACTIVE","etag":"1_66798385-ebf6-41e2-b780-652dd4ae655e"}
[info] i  Using project chatalker-c46e6 (chaTalker) 
[info] 
=== Firestore Setup
[debug] [2024-12-20T16:53:15.338Z] Checked if tokens are valid: true, expires at: 1734715407307
[debug] [2024-12-20T16:53:15.338Z] Checked if tokens are valid: true, expires at: 1734715407307
[debug] [2024-12-20T16:53:15.338Z] >>> [apiv2][query] GET https://serviceusage.googleapis.com/v1/projects/chatalker-c46e6/services/firestore.googleapis.com [none]
[debug] [2024-12-20T16:53:15.338Z] >>> [apiv2][(partial)header] GET https://serviceusage.googleapis.com/v1/projects/chatalker-c46e6/services/firestore.googleapis.com x-goog-quota-user=projects/chatalker-c46e6
[debug] [2024-12-20T16:53:16.367Z] <<< [apiv2][status] GET https://serviceusage.googleapis.com/v1/projects/chatalker-c46e6/services/firestore.googleapis.com 200
[debug] [2024-12-20T16:53:16.368Z] <<< [apiv2][body] GET https://serviceusage.googleapis.com/v1/projects/chatalker-c46e6/services/firestore.googleapis.com [omitted]
[debug] [2024-12-20T16:53:16.368Z] Checked if tokens are valid: true, expires at: 1734715407307
[debug] [2024-12-20T16:53:16.368Z] Checked if tokens are valid: true, expires at: 1734715407307
[debug] [2024-12-20T16:53:16.368Z] >>> [apiv2][query] GET https://firestore.googleapis.com/v1/projects/chatalker-c46e6/databases/(default) [none]
[debug] [2024-12-20T16:53:16.530Z] <<< [apiv2][status] GET https://firestore.googleapis.com/v1/projects/chatalker-c46e6/databases/(default) 200
[debug] [2024-12-20T16:53:16.531Z] <<< [apiv2][body] GET https://firestore.googleapis.com/v1/projects/chatalker-c46e6/databases/(default) {"name":"projects/chatalker-c46e6/databases/(default)","uid":"71e0e498-7243-4c26-9828-b7ff259bc3ca","createTime":"2024-12-20T16:44:46.106248Z","updateTime":"2024-12-20T16:44:46.106248Z","locationId":"asia-northeast1","type":"FIRESTORE_NATIVE","concurrencyMode":"PESSIMISTIC","versionRetentionPeriod":"3600s","earliestVersionTime":"2024-12-20T16:44:46.106248Z","appEngineIntegrationMode":"DISABLED","keyPrefix":"b","pointInTimeRecoveryEnablement":"POINT_IN_TIME_RECOVERY_DISABLED","deleteProtectionState":"DELETE_PROTECTION_DISABLED","etag":"IKa5y93ntooDMKXouLbmtooD"}
[debug] [2024-12-20T16:53:16.531Z] database_type: FIRESTORE_NATIVE
[debug] [2024-12-20T16:53:16.531Z] database_type: FIRESTORE_NATIVE
[debug] [2024-12-20T16:53:16.531Z] > command requires scopes: ["email","openid","https://www.googleapis.com/auth/cloudplatformprojects.readonly","https://www.googleapis.com/auth/firebase","https://www.googleapis.com/auth/cloud-platform"]
[debug] [2024-12-20T16:53:16.531Z] > authorizing via signed-in user (naitoyuma1118@gmail.com)
[debug] [2024-12-20T16:53:16.531Z] [iam] checking project chatalker-c46e6 for permissions ["firebase.projects.get"]
[debug] [2024-12-20T16:53:16.532Z] Checked if tokens are valid: true, expires at: 1734715407307
[debug] [2024-12-20T16:53:16.532Z] Checked if tokens are valid: true, expires at: 1734715407307
[debug] [2024-12-20T16:53:16.532Z] >>> [apiv2][query] POST https://cloudresourcemanager.googleapis.com/v1/projects/chatalker-c46e6:testIamPermissions [none]
[debug] [2024-12-20T16:53:16.532Z] >>> [apiv2][(partial)header] POST https://cloudresourcemanager.googleapis.com/v1/projects/chatalker-c46e6:testIamPermissions x-goog-quota-user=projects/chatalker-c46e6
[debug] [2024-12-20T16:53:16.532Z] >>> [apiv2][body] POST https://cloudresourcemanager.googleapis.com/v1/projects/chatalker-c46e6:testIamPermissions {"permissions":["firebase.projects.get"]}
[debug] [2024-12-20T16:53:17.219Z] <<< [apiv2][status] POST https://cloudresourcemanager.googleapis.com/v1/projects/chatalker-c46e6:testIamPermissions 200
[debug] [2024-12-20T16:53:17.219Z] <<< [apiv2][body] POST https://cloudresourcemanager.googleapis.com/v1/projects/chatalker-c46e6:testIamPermissions {"permissions":["firebase.projects.get"]}
[info] 
[info] Firestore Security Rules allow you to define how and when to allow
[info] requests. You can keep these rules in your project directory
[info] and publish them with firebase deploy.
[info] 
[info] 
[info] Firestore indexes allow you to perform complex queries while
[info] maintaining performance that scales with the size of the result
[info] set. You can keep index definitions in your project directory
[info] and publish them with firebase deploy.
[info] 
[info] 
=== Hosting Setup
[debug] [2024-12-20T16:53:35.158Z] Checked if tokens are valid: true, expires at: 1734715407307
[debug] [2024-12-20T16:53:35.158Z] Checked if tokens are valid: true, expires at: 1734715407307
[debug] [2024-12-20T16:53:35.158Z] >>> [apiv2][query] GET https://firebase.googleapis.com/v1beta1/projects/chatalker-c46e6 [none]
[debug] [2024-12-20T16:53:35.467Z] <<< [apiv2][status] GET https://firebase.googleapis.com/v1beta1/projects/chatalker-c46e6 200
[debug] [2024-12-20T16:53:35.467Z] <<< [apiv2][body] GET https://firebase.googleapis.com/v1beta1/projects/chatalker-c46e6 {"projectId":"chatalker-c46e6","projectNumber":"665923537499","displayName":"chaTalker","name":"projects/chatalker-c46e6","resources":{"hostingSite":"chatalker-c46e6"},"state":"ACTIVE","etag":"1_66798385-ebf6-41e2-b780-652dd4ae655e"}
[info] 
[info] Your public directory is the folder (relative to your project directory) that
[info] will contain Hosting assets to be uploaded with firebase deploy. If you
[info] have a build process for your assets, use your build's output directory.
[info] 
[info] i  public/404.html is unchanged 
[debug] [2024-12-20T16:53:45.741Z] >>> [apiv2][query] GET https://www.gstatic.com/firebasejs/releases.json [none]
[debug] [2024-12-20T16:53:45.841Z] <<< [apiv2][status] GET https://www.gstatic.com/firebasejs/releases.json 200
[debug] [2024-12-20T16:53:45.841Z] <<< [apiv2][body] GET https://www.gstatic.com/firebasejs/releases.json {"current":{"version":"11.1.0","browserURL":"https://www.gstatic.com/firebasejs/11.1.0/firebase.js","packageURL":"https://www.gstatic.com/firebasejs/11.1.0/firebase.tgz"},"live":{"version":"11.1","browserURL":"https://www.gstatic.com/firebasejs/live/11.1/firebase.js","packageURL":"https://www.gstatic.com/firebasejs/live/11.1/firebase.tgz"},"components":{"analytics":"https://www.gstatic.com/firebasejs/11.1.0/firebase-analytics.js","app":"https://www.gstatic.com/firebasejs/11.1.0/firebase-app.js","app-check":"https://www.gstatic.com/firebasejs/11.1.0/firebase-app-check.js","auth":"https://www.gstatic.com/firebasejs/11.1.0/firebase-auth.js","auth/cordova":"https://www.gstatic.com/firebasejs/11.1.0/firebase-auth/cordova.js","auth/web-extension":"https://www.gstatic.com/firebasejs/11.1.0/firebase-auth/web-extension.js","functions":"https://www.gstatic.com/firebasejs/11.1.0/firebase-functions.js","firestore":"https://www.gstatic.com/firebasejs/11.1.0/firebase-firestore.js","firestore/lite":"https://www.gstatic.com/firebasejs/11.1.0/firebase-firestore/lite.js","installations":"https://www.gstatic.com/firebasejs/11.1.0/firebase-installations.js","storage":"https://www.gstatic.com/firebasejs/11.1.0/firebase-storage.js","performance":"https://www.gstatic.com/firebasejs/11.1.0/firebase-performance.js","remote-config":"https://www.gstatic.com/firebasejs/11.1.0/firebase-remote-config.js","messaging":"https://www.gstatic.com/firebasejs/11.1.0/firebase-messaging.js","messaging/sw":"https://www.gstatic.com/firebasejs/11.1.0/firebase-messaging/sw.js","database":"https://www.gstatic.com/firebasejs/11.1.0/firebase-database.js","vertexai":"https://www.gstatic.com/firebasejs/11.1.0/firebase-vertexai.js","data-connect":"https://www.gstatic.com/firebasejs/11.1.0/firebase-data-connect.js","firestore.memory":"https://www.gstatic.com/firebasejs/11.1.0/firebase-firestore.memory.js"}}
[info] i  public/index.html is unchanged 
[info] 
[info] i  Detected a .git folder at /home/naitoyuma/chatapp 
[info] i  Authorizing with GitHub to upload your service account to a GitHub repository's secrets store. 
[info] 
[info] Visit this URL on this device to log in:
[info] https://github.com/login/oauth/authorize?client_id=89cf50f02ac6aaed3484&state=129427142&redirect_uri=http%3A%2F%2Flocalhost%3A9005&scope=read%3Auser%20repo%20public_repo
[info] 
[info] Waiting for authentication...
[debug] [2024-12-20T16:56:22.773Z] >>> [apiv2][query] POST https://github.com/login/oauth/access_token [none]
[debug] [2024-12-20T16:56:22.773Z] >>> [apiv2][body] POST https://github.com/login/oauth/access_token [stream]
[debug] [2024-12-20T16:56:23.131Z] <<< [apiv2][status] POST https://github.com/login/oauth/access_token 200
[debug] [2024-12-20T16:56:23.131Z] <<< [apiv2][body] POST https://github.com/login/oauth/access_token {"access_token":"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","token_type":"bearer","scope":"read:user,repo"}
[debug] [2024-12-20T16:56:23.134Z] >>> [apiv2][query] GET https://api.github.com/user [none]
[debug] [2024-12-20T16:56:23.589Z] <<< [apiv2][status] GET https://api.github.com/user 200
[debug] [2024-12-20T16:56:23.590Z] <<< [apiv2][body] GET https://api.github.com/user {"login":"naitoyuma7110","id":128150297,"node_id":"U_kgDOB6NrGQ","avatar_url":"https://avatars.githubusercontent.com/u/128150297?v=4","gravatar_id":"","url":"https://api.github.com/users/naitoyuma7110","html_url":"https://github.com/naitoyuma7110","followers_url":"https://api.github.com/users/naitoyuma7110/followers","following_url":"https://api.github.com/users/naitoyuma7110/following{/other_user}","gists_url":"https://api.github.com/users/naitoyuma7110/gists{/gist_id}","starred_url":"https://api.github.com/users/naitoyuma7110/starred{/owner}{/repo}","subscriptions_url":"https://api.github.com/users/naitoyuma7110/subscriptions","organizations_url":"https://api.github.com/users/naitoyuma7110/orgs","repos_url":"https://api.github.com/users/naitoyuma7110/repos","events_url":"https://api.github.com/users/naitoyuma7110/events{/privacy}","received_events_url":"https://api.github.com/users/naitoyuma7110/received_events","type":"User","user_view_type":"private","site_admin":false,"name":"Naito Yuma","company":null,"blog":"","location":"静岡","email":null,"hireable":null,"bio":null,"twitter_username":null,"notification_email":null,"public_repos":27,"public_gists":0,"followers":6,"following":9,"created_at":"2023-03-17T12:20:31Z","updated_at":"2024-12-13T16:43:13Z","private_gists":1,"total_private_repos":11,"owned_private_repos":11,"disk_usage":232964,"collaborators":8,"two_factor_authentication":true,"plan":{"name":"free","space":976562499,"collaborators":0,"private_repos":10000}}
[info] 
[info] ✔  Success! Logged into GitHub as naitoyuma7110 
[info] 
[debug] [2024-12-20T16:56:53.039Z] >>> [apiv2][query] GET https://api.github.com/repos/y/actions/secrets/public-key type=owner
[debug] [2024-12-20T16:56:53.348Z] <<< [apiv2][status] GET https://api.github.com/repos/y/actions/secrets/public-key 404
[debug] [2024-12-20T16:56:53.348Z] <<< [apiv2][body] GET https://api.github.com/repos/y/actions/secrets/public-key {"message":"Not Found","documentation_url":"https://docs.github.com/rest","status":"404"}
[info] 
[info] 
[error] ⚠  The provided authorization cannot be used with this repository. If this repository is in an organization, did you remember to grant access? 
[info] 
[info] i  Action required: Visit this URL to ensure access has been granted to the appropriate organization(s) for the Firebase CLI GitHub OAuth App: 
[info] https://github.com/settings/connections/applications/89cf50f02ac6aaed3484
[info] 
[debug] [2024-12-20T16:57:02.067Z] >>> [apiv2][query] GET https://api.github.com/repos//actions/secrets/public-key type=owner
[debug] [2024-12-20T16:57:02.364Z] <<< [apiv2][status] GET https://api.github.com/repos//actions/secrets/public-key 404
[debug] [2024-12-20T16:57:02.364Z] <<< [apiv2][body] GET https://api.github.com/repos//actions/secrets/public-key {"message":"Not Found","documentation_url":"https://docs.github.com/rest","status":"404"}
[info] 
[info] 
[error] ⚠  The provided authorization cannot be used with this repository. If this repository is in an organization, did you remember to grant access? 
[info] 
[info] i  Action required: Visit this URL to ensure access has been granted to the appropriate organization(s) for the Firebase CLI GitHub OAuth App: 
[info] https://github.com/settings/connections/applications/89cf50f02ac6aaed3484
[info] 
